\BOOKMARK [1][-]{section.1}{\376\377\004\020\004\075\004\060\004\073\004\070\004\067\000\040\004\077\004\100\004\065\004\064\004\074\004\065\004\102\004\075\004\076\004\071\000\040\004\076\004\061\004\073\004\060\004\101\004\102\004\070}{}% 1
\BOOKMARK [2][-]{subsection.1.1}{\376\377\004\037\004\076\004\075\004\117\004\102\004\070\004\065\000\040\004\070\004\075\004\104\004\076\004\100\004\074\004\060\004\106\004\070\004\076\004\075\004\075\004\076\004\063\004\076\000\040\004\077\004\076\004\070\004\101\004\072\004\060}{section.1}% 2
\BOOKMARK [2][-]{subsection.1.2}{\376\377\004\030\004\101\004\102\004\076\004\100\004\070\004\117\000\040\004\100\004\060\004\067\004\062\004\070\004\102\004\070\004\117\000\040\004\070\004\075\004\104\004\076\004\100\004\074\004\060\004\106\004\070\004\076\004\075\004\075\004\076\000-\004\077\004\076\004\070\004\101\004\072\004\076\004\062\004\113\004\105\000\040\004\101\004\070\004\101\004\102\004\065\004\074}{section.1}% 3
\BOOKMARK [2][-]{subsection.1.3}{\376\377\004\037\004\076\004\075\004\117\004\102\004\070\004\065\000\040\004\070\000\040\004\077\004\100\004\070\004\075\004\106\004\070\004\077\004\113\000\040\004\100\004\060\004\061\004\076\004\102\004\113\000\040\004\070\004\075\004\104\004\076\004\100\004\074\004\060\004\106\004\070\004\076\004\075\004\075\004\076\000-\004\077\004\076\004\070\004\101\004\072\004\076\004\062\004\076\004\071\000\040\004\101\004\070\004\101\004\102\004\065\004\074\004\113}{section.1}% 4
\BOOKMARK [2][-]{subsection.1.4}{\376\377\004\036\004\101\004\075\004\076\004\062\004\075\004\113\004\065\000\040\004\072\004\076\004\074\004\077\004\076\004\075\004\065\004\075\004\102\004\113\000\040\004\070\004\075\004\104\004\076\004\100\004\074\004\060\004\106\004\070\004\076\004\075\004\075\004\076\000-\004\077\004\076\004\070\004\101\004\072\004\076\004\062\004\113\004\105\000\040\004\101\004\070\004\101\004\102\004\065\004\074\000\040\004\075\004\060\000\040\000W\000W\000W\000-\004\077\004\100\004\076\004\101\004\102\004\100\004\060\004\075\004\101\004\102\004\062\004\065}{section.1}% 5
\BOOKMARK [2][-]{subsection.1.5}{\376\377\004\036\004\061\004\067\004\076\004\100\000\040\004\077\004\076\004\070\004\101\004\072\004\076\004\062\004\076\004\071\000\040\004\101\004\070\004\101\004\102\004\065\004\074\004\113\000\040\000G\000o\000o\000g\000l\000e}{section.1}% 6
\BOOKMARK [1][-]{section.2}{\376\377\004\042\004\065\004\105\004\075\004\070\004\107\004\065\004\101\004\072\004\076\004\065\000\040\004\067\004\060\004\064\004\060\004\075\004\070\004\065}{}% 7
\BOOKMARK [2][-]{subsection.2.1}{\376\377\004\036\004\101\004\075\004\076\004\062\004\060\004\075\004\070\004\065\000\040\004\064\004\073\004\117\000\040\004\100\004\060\004\067\004\100\004\060\004\061\004\076\004\102\004\072\004\070}{section.2}% 8
\BOOKMARK [2][-]{subsection.2.2}{\376\377\004\046\004\065\004\073\004\114\000\040\004\070\000\040\004\075\004\060\004\067\004\075\004\060\004\107\004\065\004\075\004\070\004\065\000\040\004\100\004\060\004\067\004\100\004\060\004\061\004\076\004\102\004\072\004\070}{section.2}% 9
\BOOKMARK [2][-]{subsection.2.3}{\376\377\004\042\004\100\004\065\004\061\004\076\004\062\004\060\004\075\004\070\004\117\000\040\004\072\000\040\004\077\004\100\004\076\004\063\004\100\004\060\004\074\004\074\004\075\004\076\004\071\000\040\004\101\004\070\004\101\004\102\004\065\004\074\004\065}{section.2}% 10
\BOOKMARK [3][-]{subsubsection.2.3.1}{\376\377\004\044\004\103\004\075\004\072\004\106\004\070\004\076\004\075\004\060\004\073\004\114\004\075\004\113\004\065\000\040\004\102\004\100\004\065\004\061\004\076\004\062\004\060\004\075\004\070\004\117\000\040\004\072\000\040\004\077\004\100\004\076\004\063\004\100\004\060\004\074\004\074\004\075\004\076\004\071\000\040\004\101\004\070\004\101\004\102\004\065\004\074\004\065}{subsection.2.3}% 11
\BOOKMARK [3][-]{subsubsection.2.3.2}{\376\377\004\044\004\103\004\075\004\072\004\106\004\070\004\076\004\075\004\060\004\073\004\114\004\075\004\113\004\065\000\040\004\102\004\100\004\065\004\061\004\076\004\062\004\060\004\075\004\070\004\117\000\040\004\072\000\040\004\077\004\076\004\070\004\101\004\072\004\076\004\062\004\076\004\074\004\103\000\040\004\100\004\076\004\061\004\076\004\102\004\103}{subsection.2.3}% 12
\BOOKMARK [3][-]{subsubsection.2.3.3}{\376\377\004\044\004\103\004\075\004\072\004\106\004\070\004\076\004\075\004\060\004\073\004\114\004\075\004\113\004\065\000\040\004\102\004\100\004\065\004\061\004\076\004\062\004\060\004\075\004\070\004\117\000\040\004\072\000\040\004\070\004\075\004\064\004\065\004\072\004\101\004\060\004\102\004\076\004\100\004\103}{subsection.2.3}% 13
\BOOKMARK [3][-]{subsubsection.2.3.4}{\376\377\004\044\004\103\004\075\004\072\004\106\004\070\004\076\004\075\004\060\004\073\004\114\004\075\004\113\004\065\000\040\004\102\004\100\004\065\004\061\004\076\004\062\004\060\004\075\004\070\004\117\000\040\004\072\000\040\004\077\004\076\004\070\004\101\004\072\004\076\004\062\004\070\004\072\004\103}{subsection.2.3}% 14
\BOOKMARK [3][-]{subsubsection.2.3.5}{\376\377\004\034\004\076\004\064\004\065\004\073\004\070\004\100\004\076\004\062\004\060\004\075\004\070\004\065\000\040\004\062\004\060\004\100\004\070\004\060\004\075\004\102\004\076\004\062\000\040\004\070\004\101\004\077\004\076\004\073\004\114\004\067\004\076\004\062\004\060\004\075\004\070\004\117\000\040\004\101\004\070\004\101\004\102\004\065\004\074\004\113}{subsection.2.3}% 15
\BOOKMARK [3][-]{subsubsection.2.3.6}{\376\377\004\042\004\100\004\065\004\061\004\076\004\062\004\060\004\075\004\070\004\117\000\040\004\077\004\076\004\073\004\114\004\067\004\076\004\062\004\060\004\102\004\065\004\073\004\117\000\040\004\072\000\040\004\070\004\075\004\102\004\065\004\100\004\104\004\065\004\071\004\101\004\103\000\040\000w\000e\000b\000-\004\101\004\060\004\071\004\102\004\060}{subsection.2.3}% 16
\BOOKMARK [2][-]{subsection.2.4}{\376\377\004\035\004\065\004\104\004\103\004\075\004\072\004\106\004\070\004\076\004\075\004\060\004\073\004\114\004\075\004\113\004\065\000\040\004\102\004\100\004\065\004\061\004\076\004\062\004\060\004\075\004\070\004\117\000\040\004\072\000\040\004\077\004\100\004\076\004\063\004\100\004\060\004\074\004\074\004\075\004\076\004\071\000\040\004\101\004\070\004\101\004\102\004\065\004\074\004\065}{section.2}% 17
\BOOKMARK [3][-]{subsubsection.2.4.1}{\376\377\004\042\004\100\004\065\004\061\004\076\004\062\004\060\004\075\004\070\004\117\000\040\004\072\000\040\004\060\004\100\004\105\004\070\004\102\004\065\004\072\004\102\004\103\004\100\004\065}{subsection.2.4}% 18
\BOOKMARK [3][-]{subsubsection.2.4.2}{\376\377\004\042\004\100\004\065\004\061\004\076\004\062\004\060\004\075\004\070\004\117\000\040\004\072\000\040\004\060\004\077\004\077\004\060\004\100\004\060\004\102\004\075\004\076\004\074\004\103\000\040\004\076\004\061\004\065\004\101\004\077\004\065\004\107\004\065\004\075\004\070\004\116}{subsection.2.4}% 19
\BOOKMARK [2][-]{subsection.2.5}{\376\377\004\042\004\100\004\065\004\061\004\076\004\062\004\060\004\075\004\070\004\117\000\040\004\072\000\040\004\076\004\104\004\076\004\100\004\074\004\073\004\065\004\075\004\070\004\116\000\040\004\064\004\076\004\072\004\103\004\074\004\065\004\075\004\102\004\060\004\106\004\070\004\070}{section.2}% 20
\BOOKMARK [1][-]{section.3}{\376\377\004\042\004\065\004\105\004\075\004\070\004\107\004\065\004\101\004\072\004\070\004\071\000\040\004\077\004\100\004\076\004\065\004\072\004\102}{}% 21
\BOOKMARK [2][-]{subsection.3.1}{\376\377\004\036\004\061\004\111\004\070\004\065\000\040\004\101\004\062\004\065\004\064\004\065\004\075\004\070\004\117\000\040\004\076\000\040\004\077\004\100\004\076\004\063\004\100\004\060\004\074\004\074\004\075\004\076\004\071\000\040\004\101\004\070\004\101\004\102\004\065\004\074\004\065}{section.3}% 22
\BOOKMARK [2][-]{subsection.3.2}{\376\377\004\036\004\061\004\076\004\101\004\075\004\076\004\062\004\060\004\075\004\070\004\065\000\040\004\062\004\113\004\061\004\076\004\100\004\060\000\040\004\102\004\065\004\105\004\075\004\076\004\073\004\076\004\063\004\070\004\071\000\040\004\077\004\100\004\076\004\065\004\072\004\102\004\070\004\100\004\076\004\062\004\060\004\075\004\070\004\117}{section.3}% 23
\BOOKMARK [3][-]{subsubsection.3.2.1}{\376\377\004\057\004\067\004\113\004\072\000\040\004\077\004\100\004\076\004\063\004\100\004\060\004\074\004\074\004\070\004\100\004\076\004\062\004\060\004\075\004\070\004\117\000\040\000C\000+\000+}{subsection.3.2}% 24
\BOOKMARK [3][-]{subsubsection.3.2.2}{\376\377\000C\000M\000a\000k\000e}{subsection.3.2}% 25
\BOOKMARK [3][-]{subsubsection.3.2.3}{\376\377\000P\000o\000s\000t\000g\000r\000e\000S\000Q\000L}{subsection.3.2}% 26
\BOOKMARK [3][-]{subsubsection.3.2.4}{\376\377\000R\000a\000b\000b\000i\000t\000M\000Q}{subsection.3.2}% 27
\BOOKMARK [3][-]{subsubsection.3.2.5}{\376\377\004\021\004\070\004\061\004\073\004\070\004\076\004\102\004\065\004\072\004\060\000\040\000B\000o\000o\000s\000t}{subsection.3.2}% 28
\BOOKMARK [3][-]{subsubsection.3.2.6}{\376\377\004\021\004\070\004\061\004\073\004\070\004\076\004\102\004\065\004\072\004\060\000\040\000L\000i\000b\000C\000D\000S}{subsection.3.2}% 29
\BOOKMARK [3][-]{subsubsection.3.2.7}{\376\377\004\021\004\070\004\061\004\073\004\070\004\076\004\102\004\065\004\072\004\060\000\040\000I\000n\000t\000e\000l\000T\000B\000B}{subsection.3.2}% 30
\BOOKMARK [3][-]{subsubsection.3.2.8}{\376\377\004\021\004\070\004\061\004\073\004\070\004\076\004\102\004\065\004\072\004\060\000\040\000L\000i\000b\000p\000q\000x\000x}{subsection.3.2}% 31
\BOOKMARK [3][-]{subsubsection.3.2.9}{\376\377\004\021\004\070\004\061\004\073\004\070\004\076\004\102\004\065\004\072\004\060\000\040\000A\000M\000Q\000P\000-\000C\000P\000P}{subsection.3.2}% 32
\BOOKMARK [3][-]{subsubsection.3.2.10}{\376\377\004\021\004\070\004\061\004\073\004\070\004\076\004\102\004\065\004\072\004\060\000\040\000Y\000a\000m\000l\000-\000C\000p\000p}{subsection.3.2}% 33
\BOOKMARK [3][-]{subsubsection.3.2.11}{\376\377\004\021\004\070\004\061\004\073\004\070\004\076\004\102\004\065\004\072\004\060\000\040\000C\000l\000d\0003}{subsection.3.2}% 34
\BOOKMARK [3][-]{subsubsection.3.2.12}{\376\377\004\021\004\070\004\061\004\073\004\070\004\076\004\102\004\065\004\072\004\060\000\040\000L\000i\000b\000a\000r\000c\000h\000i\000v\000e}{subsection.3.2}% 35
\BOOKMARK [3][-]{subsubsection.3.2.13}{\376\377\004\021\004\070\004\061\004\073\004\070\004\076\004\102\004\065\004\072\004\060\000\040\000G\000u\000m\000b\000o}{subsection.3.2}% 36
\BOOKMARK [3][-]{subsubsection.3.2.14}{\376\377\004\021\004\070\004\061\004\073\004\070\004\076\004\102\004\065\004\072\004\060\000\040\000L\000i\000b\000s\000t\000e\000m\000m\000e\000r}{subsection.3.2}% 37
\BOOKMARK [3][-]{subsubsection.3.2.15}{\376\377\004\021\004\070\004\061\004\073\004\070\004\076\004\102\004\065\004\072\004\060\000\040\000R\000o\000b\000o\000t\000s\000T\000x\000t}{subsection.3.2}% 38
\BOOKMARK [3][-]{subsubsection.3.2.16}{\376\377\004\021\004\070\004\061\004\073\004\070\004\076\004\102\004\065\004\072\004\060\000\040\000Q\000u\000i\000l\000l}{subsection.3.2}% 39
\BOOKMARK [3][-]{subsubsection.3.2.17}{\376\377\004\021\004\070\004\061\004\073\004\070\004\076\004\102\004\065\004\072\004\060\000\040\000D\000r\000o\000g\000o\000n}{subsection.3.2}% 40
\BOOKMARK [2][-]{subsection.3.3}{\376\377\004\020\004\100\004\105\004\070\004\102\004\065\004\072\004\102\004\103\004\100\004\060\000\040\004\100\004\060\004\101\004\077\004\100\004\065\004\064\004\065\004\073\004\065\004\075\004\075\004\076\004\071\000\040\004\101\004\070\004\101\004\102\004\065\004\074\004\113}{section.3}% 41
\BOOKMARK [2][-]{subsection.3.4}{\376\377\004\037\004\076\004\070\004\101\004\072\004\076\004\062\004\113\004\071\000\040\004\100\004\076\004\061\004\076\004\102}{section.3}% 42
\BOOKMARK [3][-]{subsubsection.3.4.1}{\376\377\004\042\004\070\004\077\004\113\000\040\004\076\004\061\004\100\004\060\004\061\004\060\004\102\004\113\004\062\004\060\004\065\004\074\004\113\004\105\000\040\004\064\004\076\004\072\004\103\004\074\004\065\004\075\004\102\004\076\004\062}{subsection.3.4}% 43
\BOOKMARK [3][-]{subsubsection.3.4.2}{\376\377\004\032\004\076\004\074\004\077\004\076\004\075\004\065\004\075\004\102\004\113\000\040\004\077\004\076\004\070\004\101\004\072\004\076\004\062\004\076\004\063\004\076\000\040\004\100\004\076\004\061\004\076\004\102\004\060}{subsection.3.4}% 44
\BOOKMARK [3][-]{subsubsection.3.4.3}{\376\377\004\036\004\077\004\070\004\101\004\060\004\075\004\070\004\065\000\040\004\061\004\060\004\067\004\113\000\040\004\064\004\060\004\075\004\075\004\113\004\105}{subsection.3.4}% 45
\BOOKMARK [3][-]{subsubsection.3.4.4}{\376\377\004\036\004\077\004\070\004\101\004\060\004\075\004\070\004\065\000\040\004\077\004\076\004\102\004\076\004\072\004\076\004\062\000\040\004\064\004\060\004\075\004\075\004\113\004\105}{subsection.3.4}% 46
\BOOKMARK [3][-]{subsubsection.3.4.5}{\376\377\004\036\004\077\004\070\004\101\004\060\004\075\004\070\004\065\000\040\004\072\004\076\004\075\004\106\004\065\004\077\004\102\004\103\004\060\004\073\004\114\004\075\004\113\004\105\000\040\004\072\004\073\004\060\004\101\004\101\004\076\004\062}{subsection.3.4}% 47
\BOOKMARK [2][-]{subsection.3.5}{\376\377\004\030\004\075\004\064\004\065\004\072\004\101\004\060\004\102\004\076\004\100}{section.3}% 48
\BOOKMARK [3][-]{subsubsection.3.5.1}{\376\377\004\036\004\077\004\070\004\101\004\060\004\075\004\070\004\065\000\040\004\072\004\076\004\075\004\102\004\100\004\076\004\073\004\117\000\040\004\101\004\061\004\076\004\100\004\060\000\040\004\100\004\065\004\101\004\103\004\100\004\101\004\076\004\062}{subsection.3.5}% 49
\BOOKMARK [3][-]{subsubsection.3.5.2}{\376\377\004\030\004\075\004\064\004\065\004\072\004\101\004\070\004\100\004\076\004\062\004\060\004\075\004\070\004\065\000\040\004\064\004\076\004\072\004\103\004\074\004\065\004\075\004\102\004\076\004\062}{subsection.3.5}% 50
\BOOKMARK [4][-]{paragraph.3.5.2.1}{\376\377\004\020\004\061\004\101\004\076\004\073\004\116\004\102\004\075\004\060\004\117\000\040\004\062\004\067\004\062\004\065\004\110\004\065\004\075\004\075\004\060\004\117\000\040\004\107\004\060\004\101\004\102\004\076\004\102\004\060\000\040\004\102\004\065\004\100\004\074\004\070\004\075\004\060}{subsubsection.3.5.2}% 51
\BOOKMARK [4][-]{paragraph.3.5.2.2}{\376\377\004\036\004\061\004\100\004\060\004\102\004\075\004\060\004\117\000\040\004\064\004\076\004\072\004\103\004\074\004\065\004\075\004\102\004\075\004\060\004\117\000\040\004\107\004\060\004\101\004\102\004\076\004\102\004\060\000\040\004\102\004\065\004\100\004\074\004\070\004\075\004\060}{subsubsection.3.5.2}% 52
\BOOKMARK [4][-]{paragraph.3.5.2.3}{\376\377\004\036\004\102\004\075\004\076\004\101\004\070\004\102\004\065\004\073\004\114\004\075\004\113\004\071\000\040\004\100\004\060\004\075\004\063\000\040\004\102\004\065\004\100\004\074\004\070\004\075\004\060\000\040\004\062\000\040\004\064\004\076\004\072\004\103\004\074\004\065\004\075\004\102\004\065}{subsubsection.3.5.2}% 53
\BOOKMARK [3][-]{subsubsection.3.5.3}{\376\377\004\041\004\102\004\060\004\102\004\070\004\107\004\065\004\101\004\072\004\076\004\065\000\040\004\100\004\060\004\075\004\066\004\070\004\100\004\076\004\062\004\060\004\075\004\070\004\065\000\040\004\064\004\076\004\072\004\103\004\074\004\065\004\075\004\102\004\076\004\062}{subsection.3.5}% 54
\BOOKMARK [3][-]{subsubsection.3.5.4}{\376\377\004\032\004\076\004\074\004\077\004\076\004\075\004\065\004\075\004\102\004\113\000\040\004\070\004\075\004\064\004\065\004\072\004\101\004\060\004\102\004\076\004\100\004\060}{subsection.3.5}% 55
\BOOKMARK [3][-]{subsubsection.3.5.5}{\376\377\004\036\004\077\004\070\004\101\004\060\004\075\004\070\004\065\000\040\004\061\004\060\004\067\004\113\000\040\004\064\004\060\004\075\004\075\004\113\004\105}{subsection.3.5}% 56
\BOOKMARK [3][-]{subsubsection.3.5.6}{\376\377\004\036\004\077\004\070\004\101\004\060\004\075\004\070\004\065\000\040\004\072\004\076\004\075\004\106\004\065\004\077\004\102\004\103\004\060\004\073\004\114\004\075\004\113\004\105\000\040\004\072\004\073\004\060\004\101\004\101\004\076\004\062}{subsection.3.5}% 57
\BOOKMARK [2][-]{subsection.3.6}{\376\377\004\037\004\076\004\070\004\101\004\072\004\076\004\062\004\070\004\072}{section.3}% 58
\BOOKMARK [3][-]{subsubsection.3.6.1}{\376\377\004\036\004\077\004\070\004\101\004\060\004\075\004\070\004\065\000\040\004\077\004\100\004\076\004\106\004\065\004\101\004\101\004\060\000\040\004\100\004\060\004\075\004\066\004\070\004\100\004\076\004\062\004\060\004\075\004\070\004\117\000\040\004\064\004\076\004\072\004\103\004\074\004\065\004\075\004\102\004\076\004\062}{subsection.3.6}% 59
\BOOKMARK [3][-]{subsubsection.3.6.2}{\376\377\004\036\004\077\004\070\004\101\004\060\004\075\004\070\004\065\000\040\004\060\004\073\004\063\004\076\004\100\004\070\004\102\004\074\004\060\000\040\004\100\004\060\004\061\004\076\004\102\004\113\000\040\004\077\004\076\004\070\004\101\004\072\004\076\004\062\004\070\004\072\004\060}{subsection.3.6}% 60
\BOOKMARK [3][-]{subsubsection.3.6.3}{\376\377\004\032\004\076\004\074\004\077\004\076\004\075\004\065\004\075\004\102\004\113\000\040\004\077\004\076\004\070\004\101\004\072\004\076\004\062\004\070\004\072\004\060}{subsection.3.6}% 61
\BOOKMARK [3][-]{subsubsection.3.6.4}{\376\377\004\036\004\077\004\070\004\101\004\060\004\075\004\070\004\065\000\040\000R\000E\000S\000T\000\040\000A\000P\000I\000\040\004\077\004\076\004\070\004\101\004\072\004\076\004\062\004\070\004\072\004\060}{subsection.3.6}% 62
\BOOKMARK [1][-]{table.1}{\376\377\004\041\004\037\004\030\004\041\004\036\004\032\000\040\004\030\004\041\004\037\004\036\004\033\004\054\004\027\004\036\004\022\004\020\004\035\004\035\004\053\004\045\000\040\004\030\004\041\004\042\004\036\004\047\004\035\004\030\004\032\004\036\004\022}{}% 63
